<?xml version="1.0" encoding="UTF-8"?>
<!-- Generated by org.testng.reporters.JUnitReportReporter -->
<testsuite hostname="DESKTOP-BBB6LF3" name="openbaidu.openbaidu" tests="1" failures="0" timestamp="18 Mar 2019 01:36:54 GMT" time="11.885" errors="0">
  <testcase name="caozuo" time="11.885" classname="openbaidu.openbaidu"/>
</testsuite> <!-- openbaidu.openbaidu -->
