<?xml version="1.0" encoding="UTF-8"?>
<!-- Generated by org.testng.reporters.JUnitReportReporter -->
<testsuite hostname="DESKTOP-BBB6LF3" name="openbaidu.NewTest" tests="1" failures="0" timestamp="18 Mar 2019 01:39:26 GMT" time="0.004" errors="0">
  <testcase name="f" time="0.004" classname="openbaidu.NewTest"/>
</testsuite> <!-- openbaidu.NewTest -->
